[ 2016-10-18T01:24:07+08:00 ] 101.226.33.219 /wesufe
INFO: [ app_init ] --START--
INFO: Run Behavior\BuildLiteBehavior [ RunTime:0.000010s ]
INFO: [ app_init ] --END-- [ RunTime:0.000084s ]
ERR: 无法加载模块:Wesufe

[ 2016-10-18T01:27:08+08:00 ] 101.226.89.123 /wesufe
INFO: [ app_init ] --START--
INFO: Run Behavior\BuildLiteBehavior [ RunTime:0.000012s ]
INFO: [ app_init ] --END-- [ RunTime:0.000103s ]
ERR: 无法加载模块:Wesufe

[ 2016-10-18T01:27:19+08:00 ] 116.208.184.206 /wesufe
INFO: [ app_init ] --START--
INFO: Run Behavior\BuildLiteBehavior [ RunTime:0.000013s ]
INFO: [ app_init ] --END-- [ RunTime:0.000126s ]
ERR: 无法加载模块:Wesufe

[ 2016-10-18T01:33:34+08:00 ] 104.223.133.24 /phpmyadmin
INFO: [ app_init ] --START--
INFO: Run Behavior\BuildLiteBehavior [ RunTime:0.000008s ]
INFO: [ app_init ] --END-- [ RunTime:0.000096s ]
ERR: 无法加载模块:Phpmyadmin

[ 2016-10-18T02:03:55+08:00 ] 222.186.58.81 /phpmyadmin
INFO: [ app_init ] --START--
INFO: Run Behavior\BuildLiteBehavior [ RunTime:0.000016s ]
INFO: [ app_init ] --END-- [ RunTime:0.000084s ]
ERR: 无法加载模块:Phpmyadmin

[ 2016-10-18T09:24:34+08:00 ] 66.249.84.163 /favicon.ico
INFO: [ app_init ] --START--
INFO: Run Behavior\BuildLiteBehavior [ RunTime:0.000010s ]
INFO: [ app_init ] --END-- [ RunTime:0.000087s ]

[ 2016-10-18T09:24:34+08:00 ] 66.249.84.162 /favicon.ico
INFO: [ app_init ] --START--
INFO: Run Behavior\BuildLiteBehavior [ RunTime:0.000014s ]
INFO: [ app_init ] --END-- [ RunTime:0.000092s ]

[ 2016-10-18T10:31:08+08:00 ] 80.82.78.38 /cache/global/img/gs.gif
INFO: [ app_init ] --START--
INFO: Run Behavior\BuildLiteBehavior [ RunTime:0.000013s ]
INFO: [ app_init ] --END-- [ RunTime:0.000111s ]

[ 2016-10-18T13:05:19+08:00 ] 112.126.82.197 /phpmyadmin
INFO: [ app_init ] --START--
INFO: Run Behavior\BuildLiteBehavior [ RunTime:0.000015s ]
INFO: [ app_init ] --END-- [ RunTime:0.000070s ]
ERR: 无法加载模块:Phpmyadmin

[ 2016-10-18T13:51:58+08:00 ] 112.74.206.117 /admin
INFO: [ app_init ] --START--
INFO: Run Behavior\BuildLiteBehavior [ RunTime:0.000009s ]
INFO: [ app_init ] --END-- [ RunTime:0.000075s ]
ERR: 无法加载模块:Admin

[ 2016-10-18T15:03:44+08:00 ] 103.24.176.117 /phpMyAdmin
INFO: [ app_init ] --START--
INFO: Run Behavior\BuildLiteBehavior [ RunTime:0.000009s ]
INFO: [ app_init ] --END-- [ RunTime:0.000081s ]
ERR: 无法加载模块:PhpMyAdmin

[ 2016-10-18T22:01:34+08:00 ] 101.94.206.53 /favicon.ico
INFO: [ app_init ] --START--
INFO: Run Behavior\BuildLiteBehavior [ RunTime:0.000009s ]
INFO: [ app_init ] --END-- [ RunTime:0.000072s ]

