[ 2016-11-30T00:29:25+08:00 ] 91.200.12.101 /script
INFO: [ app_init ] --START--
INFO: Run Behavior\BuildLiteBehavior [ RunTime:0.000010s ]
INFO: [ app_init ] --END-- [ RunTime:0.000070s ]
ERR: 无法加载模块:Script

[ 2016-11-30T00:50:33+08:00 ] 62.210.181.161 /robots.txt
INFO: [ app_init ] --START--
INFO: Run Behavior\BuildLiteBehavior [ RunTime:0.000021s ]
INFO: [ app_init ] --END-- [ RunTime:0.000103s ]
ERR: 无法加载模块:Robots

[ 2016-11-30T03:09:01+08:00 ] 218.95.98.246 /manager/html
INFO: [ app_init ] --START--
INFO: Run Behavior\BuildLiteBehavior [ RunTime:0.000653s ]
INFO: [ app_init ] --END-- [ RunTime:0.000748s ]
ERR: 无法加载模块:Manager

[ 2016-11-30T04:35:24+08:00 ] 171.208.78.140 /manager/html
INFO: [ app_init ] --START--
INFO: Run Behavior\BuildLiteBehavior [ RunTime:0.000009s ]
INFO: [ app_init ] --END-- [ RunTime:0.000070s ]
ERR: 无法加载模块:Manager

[ 2016-11-30T07:41:41+08:00 ] 80.82.78.38 /cache/global/img/gs.gif
INFO: [ app_init ] --START--
INFO: Run Behavior\BuildLiteBehavior [ RunTime:0.000009s ]
INFO: [ app_init ] --END-- [ RunTime:0.000066s ]

[ 2016-11-30T08:06:24+08:00 ] 122.200.94.210 /manager/html
INFO: [ app_init ] --START--
INFO: Run Behavior\BuildLiteBehavior [ RunTime:0.000009s ]
INFO: [ app_init ] --END-- [ RunTime:0.000061s ]
ERR: 无法加载模块:Manager

[ 2016-11-30T09:44:53+08:00 ] 121.18.231.88 /manager/html
INFO: [ app_init ] --START--
INFO: Run Behavior\BuildLiteBehavior [ RunTime:0.000021s ]
INFO: [ app_init ] --END-- [ RunTime:0.000088s ]
ERR: 无法加载模块:Manager

[ 2016-11-30T10:36:19+08:00 ] 210.114.223.143 /manager/html
INFO: [ app_init ] --START--
INFO: Run Behavior\BuildLiteBehavior [ RunTime:0.000011s ]
INFO: [ app_init ] --END-- [ RunTime:0.000074s ]
ERR: 无法加载模块:Manager

[ 2016-11-30T12:47:52+08:00 ] 120.27.118.20 /HOME/WEIXIN/INDEX
INFO: [ app_init ] --START--
INFO: Run Behavior\BuildLiteBehavior [ RunTime:0.000009s ]
INFO: [ app_init ] --END-- [ RunTime:0.000093s ]
ERR: 无法加载模块:HOME

[ 2016-11-30T12:48:01+08:00 ] 120.27.118.20 /HOME/LEARN/COURSE?OPENID=OV7LNWZRSW_JPKKWHRSQ_J2OGNXO
INFO: [ app_init ] --START--
INFO: Run Behavior\BuildLiteBehavior [ RunTime:0.000014s ]
INFO: [ app_init ] --END-- [ RunTime:0.000094s ]
ERR: 无法加载模块:HOME

[ 2016-11-30T12:48:18+08:00 ] 120.27.118.20 /HOME/LEARN/EXAM?OPENID=OV7LNWZRSW_JPKKWHRSQ_J2OGNXO
INFO: [ app_init ] --START--
INFO: Run Behavior\BuildLiteBehavior [ RunTime:0.000010s ]
INFO: [ app_init ] --END-- [ RunTime:0.000072s ]
ERR: 无法加载模块:HOME

[ 2016-11-30T12:48:24+08:00 ] 120.27.118.20 /HOME/LEARN/EXAM?OPENID=OV7LNWZRSW_JPKKWHRSQ_J2OGNXO
INFO: [ app_init ] --START--
INFO: Run Behavior\BuildLiteBehavior [ RunTime:0.000013s ]
INFO: [ app_init ] --END-- [ RunTime:0.000100s ]
ERR: 无法加载模块:HOME

[ 2016-11-30T12:48:27+08:00 ] 120.27.118.20 /HOME/LEARN/EXAM?OPENID=OV7LNWZRSW_JPKKWHRSQ_J2OGNXO
INFO: [ app_init ] --START--
INFO: Run Behavior\BuildLiteBehavior [ RunTime:0.000018s ]
INFO: [ app_init ] --END-- [ RunTime:0.000069s ]
ERR: 无法加载模块:HOME

[ 2016-11-30T12:48:27+08:00 ] 120.27.118.20 /HOME/LEARN/EXAM?OPENID=OV7LNWZRSW_JPKKWHRSQ_J2OGNXO
INFO: [ app_init ] --START--
INFO: Run Behavior\BuildLiteBehavior [ RunTime:0.000008s ]
INFO: [ app_init ] --END-- [ RunTime:0.000059s ]
ERR: 无法加载模块:HOME

[ 2016-11-30T12:49:04+08:00 ] 120.27.118.20 /HOME/LEARN/LIBRARYSEARCH
INFO: [ app_init ] --START--
INFO: Run Behavior\BuildLiteBehavior [ RunTime:0.000009s ]
INFO: [ app_init ] --END-- [ RunTime:0.000057s ]
ERR: 无法加载模块:HOME

[ 2016-11-30T12:51:25+08:00 ] 120.27.118.20 /HOME/LOVEWALL/LOVEWALLDETAIL?POSTID=4&OPENID=OV7LNWZRSW_JPKKWHRSQ_J2OGNXO
INFO: [ app_init ] --START--
INFO: Run Behavior\BuildLiteBehavior [ RunTime:0.000009s ]
INFO: [ app_init ] --END-- [ RunTime:0.000080s ]
ERR: 无法加载模块:HOME

[ 2016-11-30T14:39:04+08:00 ] 101.94.208.205 /favicon.ico
INFO: [ app_init ] --START--
INFO: Run Behavior\BuildLiteBehavior [ RunTime:0.000011s ]
INFO: [ app_init ] --END-- [ RunTime:0.000126s ]

[ 2016-11-30T15:01:03+08:00 ] 120.27.118.20 /HOME/LOVEWALL/COMMENT
INFO: [ app_init ] --START--
INFO: Run Behavior\BuildLiteBehavior [ RunTime:0.000009s ]
INFO: [ app_init ] --END-- [ RunTime:0.000062s ]
ERR: 无法加载模块:HOME

[ 2016-11-30T15:02:59+08:00 ] 120.27.118.20 /HOME/LOVEWALL/LOVEWALLDETAIL?POSTID=7&OPENID=OV7LNWZRSW_JPKKWHRSQ_J2OGNXO
INFO: [ app_init ] --START--
INFO: Run Behavior\BuildLiteBehavior [ RunTime:0.000013s ]
INFO: [ app_init ] --END-- [ RunTime:0.000093s ]
ERR: 无法加载模块:HOME

[ 2016-11-30T16:45:09+08:00 ] 104.223.133.108 /phpmyadmin
INFO: [ app_init ] --START--
INFO: Run Behavior\BuildLiteBehavior [ RunTime:0.000009s ]
INFO: [ app_init ] --END-- [ RunTime:0.000068s ]
ERR: 无法加载模块:Phpmyadmin

[ 2016-11-30T17:34:04+08:00 ] 120.27.118.20 /Public/js/dropload.min.js
INFO: [ app_init ] --START--
INFO: Run Behavior\BuildLiteBehavior [ RunTime:0.000009s ]
INFO: [ app_init ] --END-- [ RunTime:0.000064s ]
ERR: 无法加载模块:Public

[ 2016-11-30T17:34:08+08:00 ] 120.27.118.20 /Public/js/dropload.min.js
INFO: [ app_init ] --START--
INFO: Run Behavior\BuildLiteBehavior [ RunTime:0.000008s ]
INFO: [ app_init ] --END-- [ RunTime:0.000059s ]
ERR: 无法加载模块:Public

[ 2016-11-30T17:43:28+08:00 ] 180.153.206.16 /SCRIPT
INFO: [ app_init ] --START--
INFO: Run Behavior\BuildLiteBehavior [ RunTime:0.000012s ]
INFO: [ app_init ] --END-- [ RunTime:0.000092s ]
ERR: 无法加载模块:SCRIPT

[ 2016-11-30T17:51:14+08:00 ] 119.147.146.60 /SCRIPT
INFO: [ app_init ] --START--
INFO: Run Behavior\BuildLiteBehavior [ RunTime:0.000009s ]
INFO: [ app_init ] --END-- [ RunTime:0.000063s ]
ERR: 无法加载模块:SCRIPT

[ 2016-11-30T17:51:19+08:00 ] 119.147.146.60 /SCRIPT
INFO: [ app_init ] --START--
INFO: Run Behavior\BuildLiteBehavior [ RunTime:0.000009s ]
INFO: [ app_init ] --END-- [ RunTime:0.000073s ]
ERR: 无法加载模块:SCRIPT

[ 2016-11-30T18:02:43+08:00 ] 101.94.208.205 /favicon.ico
INFO: [ app_init ] --START--
INFO: Run Behavior\BuildLiteBehavior [ RunTime:0.000008s ]
INFO: [ app_init ] --END-- [ RunTime:0.000049s ]

[ 2016-11-30T18:16:25+08:00 ] 120.27.118.20 /HOME/LEARN/SCORE?OPENID=OV7LNWZRSW_JPKKWHRSQ_J2OGNXO
INFO: [ app_init ] --START--
INFO: Run Behavior\BuildLiteBehavior [ RunTime:0.000009s ]
INFO: [ app_init ] --END-- [ RunTime:0.000064s ]
ERR: 无法加载模块:HOME

[ 2016-11-30T19:55:28+08:00 ] 103.24.176.219 /phpmyadmin
INFO: [ app_init ] --START--
INFO: Run Behavior\BuildLiteBehavior [ RunTime:0.000013s ]
INFO: [ app_init ] --END-- [ RunTime:0.000129s ]
ERR: 无法加载模块:Phpmyadmin

[ 2016-11-30T22:52:12+08:00 ] 101.94.208.205 /favicon.ico
INFO: [ app_init ] --START--
INFO: Run Behavior\BuildLiteBehavior [ RunTime:0.000013s ]
INFO: [ app_init ] --END-- [ RunTime:0.000070s ]

[ 2016-11-30T22:52:15+08:00 ] 101.94.208.205 /favicon.ico
INFO: [ app_init ] --START--
INFO: Run Behavior\BuildLiteBehavior [ RunTime:0.000008s ]
INFO: [ app_init ] --END-- [ RunTime:0.000074s ]

